build/app/outputs/mapping/release/usage.txt
com.google.common.collect.ImmutableClassToInstanceMap$Builder
com.google.common.hash.BloomFilter$SerialForm
com.google.common.collect.Iterators$3
kotlin.reflect.KMutableProperty$Setter
com.google.common.io.Closer$Suppressor
kotlin.sequences.SequencesKt___SequencesKt$zip$1
androidx.annotation.InspectableProperty$ValueType
androidx.arch.core.executor.DefaultTaskExecutor
com.google.common.math.LinearTransformation
kotlin.coroutines.intrinsics.IntrinsicsKt__IntrinsicsJvmKt$createCoroutineUnintercepted$$inlined$createCoroutineFromSuspendFunction$IntrinsicsKt__IntrinsicsJvmKt$3
com.google.common.collect.StandardTable$1
com.google.common.collect.Maps$KeySet
kotlin.coroutines.experimental.CoroutineContext$Element$DefaultImpls
kotlin.random.Random$Companion
kotlin.properties.ReadOnlyProperty
com.google.common.collect.ImmutableList$SerializedForm
com.google.common.util.concurrent.Service$State$4
io.flutter.plugins.pathprovider.R$dimen
com.google.common.collect.Multiset$Entry
kotlin.jvm.internal.ClassBasedDeclarationContainer
com.google.common.net.MediaType$Tokenizer
androidx.core.app.NotificationManagerCompat$NotifyTask
com.google.common.util.concurrent.Striped$LargeLazyStriped
kotlin.jvm.internal.Ref$BooleanRef
com.google.common.util.concurrent.CombinedFuture$CombinedFutureInterruptibleTask
com.google.common.math.LongMath$1
io.flutter.embedding.android.FlutterSplashView:
    public void <init>(android.content.Context,android.util.AttributeSet)
com.google.common.xml.package-info
kotlin.sequences.SequencesKt__SequencesKt$flatten$1
androidx.core.view.NestedScrollingParent
androidx.fragment.app.ListFragment
kotlin.io.FileAlreadyExistsException
androidx.core.provider.FontsContractCompat$4$1
com.google.common.collect.DenseImmutableTable$Column
com.google.common.graph.ConfigurableMutableValueGraph
kotlin.io.NoSuchFileException
org.checkerframework.checker.nullness.compatqual.NonNullType
androidx.viewpager.R$dimen
com.google.common.util.concurrent.Callables$3
io.flutter.app.FlutterApplication
com.google.common.collect.ArrayTable$ColumnMap
com.google.common.reflect.TypeResolver$WildcardCapturer
org.intellij.lang.annotations.JdkConstants$TitledBorderJustification
com.google.common.collect.SortedMultisetBridge
com.google.common.base.Predicates$CompositionPredicate
androidx.loader.content.ModernAsyncTask
androidx.core.view.accessibility.AccessibilityManagerCompat$AccessibilityStateChangeListener
kotlin.jvm.JvmOverloads
kotlin.ranges.UIntRange
com.google.common.graph.DirectedGraphConnections$PredAndSucc
org.checkerframework.checker.nullness.compatqual.NullableDecl
com.google.common.collect.MapMakerInternalMap$AbstractStrongKeyEntry
kotlin.ranges.ClosedRange$DefaultImpls
com.google.common.hash.Hashing$Sha256Holder
androidx.core.content.res.GradientColorInflaterCompat$ColorStops
com.google.common.collect.UnmodifiableIterator
com.google.common.cache.LocalCache$WeakEntry
com.google.common.collect.StandardTable$Row$1
com.google.common.collect.AbstractIndexedListIterator
androidx.arch.core.internal.SafeIterableMap$Entry:
    void <init>(java.lang.Object,java.lang.Object)
com.google.common.util.concurrent.Striped$3
kotlin.contracts.ExperimentalContracts
com.google.common.collect.TreeRangeSet$SubRangeSet
kotlin.StandardKt__StandardKt
androidx.fragment.R$integer
kotlin.math.MathKt__MathHKt
kotlin.time.TimedValue
com.google.common.hash.Murmur3_128HashFunction
com.google.common.cache.LocalCache$WeightedWeakValueReference
com.google.common.util.concurrent.ListenerCallQueue$Event
androidx.core.graphics.drawable.DrawableCompat
com.google.common.base.CharMatcher$BreakingWhitespace
kotlin.sequences.SequencesKt___SequencesKt$filterNotNull$1
kotlin.reflect.KMutableProperty
androidx.viewpager.R$id
kotlin.collections.ArraysKt___ArraysJvmKt$asList$8
kotlin.collections.UArraysKt
com.google.common.io.ByteArrayDataInput
kotlin.jvm.internal.SpreadBuilder
kotlin.UByte
com.google.common.base.FinalizableSoftReference
androidx.fragment.app.SuperNotCalledException